Session Start: Fri Mar 15 19:00:00 2002
Session Ident: #ircreplay-demo
[19:00] *** Now talking in #ircreplay-demo
[19:00] *** Topic is 'Welcome to #ircreplay-demo | The place to be | Rules: be cool'
[19:00] *** Set by Maverick on Thu Mar 14 22:14:07 2002
[19:00] *** Maverick sets mode: +o Lara
[19:00] *** Maverick sets mode: +o Squishy
[19:01] <Maverick> evening all
[19:01] <Lara> hey Mav :)
[19:01] <Squishy> yo
[19:02] *** Shadow (shadow@dial-42.isp.net) has joined #ircreplay-demo
[19:02] <Shadow> hey guys whats up
[19:02] <Maverick> not much, just chilling
[19:02] <Lara> Shadow! long time no see
[19:03] <Shadow> yeah been busy with uni stuff :/
[19:03] <Squishy> how is that going?
[19:03] <Shadow> dont ask lol
[19:04] *** Picard (picard@host-23.network.org) has joined #ircreplay-demo
[19:04] *** Maverick sets mode: +v Picard
[19:04] <Picard> evening
[19:04] <Maverick> hey Picard, grab a seat
[19:04] <+Picard> cheers
[19:05] <Lara> anyone seen Tobz lately?
[19:05] <Maverick> not since last week
[19:05] <Shadow> he was on yesterday I think
[19:05] <Squishy> nah that was Tobz|away he never actually said anything
[19:06] *** Zyle (zyle@cust-99.broadband.isp.co.uk) has joined #ircreplay-demo
[19:06] <Zyle> HEY EVERYONE
[19:06] <Maverick> lol calm down Zyle
[19:06] <Lara> haha
[19:06] <Zyle> SORRY CAPS LOCK
[19:06] <Zyle> hey everyone :)
[19:07] <Squishy> smoother
[19:07] <+Picard> so what are we talking about
[19:07] <Maverick> absolutely nothing as usual
[19:07] <Lara> the finer things in life
[19:07] <Shadow> like what game everyone is playing
[19:08] <Zyle> STILL playing counter-strike
[19:08] <Zyle> still*
[19:08] <Maverick> its 2002 and you are still playing cs 1.3?
[19:08] <Zyle> dont judge me
[19:08] <Lara> hahahaha
[19:09] <Squishy> anyone tried that new game, Neverwinter Nights?
[19:09] <Shadow> yeah its pretty good
[19:09] <Maverick> the toolset is insane, you can build whole campaigns
[19:09] <+Picard> check this out http://www.neverwinternights.com
[19:09] <Lara> ooh nice
[19:10] <Shadow> the multiplayer is really fun too
[19:10] <Zyle> is it like diablo?
[19:10] <Maverick> kind of but way more depth
[19:10] <Squishy> yeah its proper RPG not just clickfest
[19:11] *** Tobz (tobz@tobz.users.quakenet.org) has joined #ircreplay-demo
[19:11] *** Maverick sets mode: +o Tobz
[19:11] <@Tobz> evening lads
[19:11] <Lara> TOBZ
[19:11] <Maverick> speak of the devil
[19:11] <@Tobz> oh yeah? what were you saying
[19:11] <Squishy> just wondering where you were
[19:12] <@Tobz> been at my sisters, just got back
[19:12] <Shadow> how is she doing
[19:12] <@Tobz> yeah good cheers
[19:12] * Lara makes tea for everyone
[19:12] <Maverick> cheers Lara :)
[19:13] <Zyle> ooh yes please
[19:13] <@Tobz> legend
[19:13] * Shadow grabs a biscuit
[19:13] <Lara> oi that was mine
[19:13] <Shadow> too slow :P
[19:14] <Squishy> so anyone going to that LAN next month?
[19:14] <Maverick> which one?
[19:14] <Squishy> the one Dave organises every year
[19:14] <@Tobz> oh yeah I am, should be good
[19:14] <+Picard> where is it?
[19:15] <Squishy> same place as last year, the scout hut in town
[19:15] <Lara> haha the scout hut
[19:15] <Maverick> its got tables and power what more do you need
[19:15] <Zyle> and bad coffee
[19:15] <@Tobz> the coffee is terrible yes
[19:16] <Shadow> I might come if I can get the weekend off work
[19:16] <Squishy> you should it was really good last year
[19:16] <+Picard> what games do people play there?
[19:16] <Maverick> whatever people bring, last year it was mostly quake and cs
[19:17] <@Tobz> and that 4 hour age of empires match that nearly ended friendships
[19:17] <Lara> OH GOD dont remind me
[19:17] <Zyle> hahahaha what happened
[19:17] <Maverick> long story involving a betrayal and a trade agreement
[19:17] <Shadow> sounds dramatic
[19:18] <@Tobz> it was
[19:18] * Squishy still hasnt forgiven Maverick
[19:18] <Maverick> IT WAS A LEGITIMATE STRATEGY
[19:18] <Lara> lmaooo
[19:18] <Zyle> haha
[19:19] <+Picard> right I have to pop out for a bit, back later
[19:19] *** Picard (picard@host-23.network.org) has left #ircreplay-demo (back in a bit)
[19:19] <Maverick> later Picard
[19:19] <Shadow> cya
[19:20] *** Misty (misty@misty.users.quakenet.org) has joined #ircreplay-demo
[19:20] <Misty> evening :)
[19:20] <Lara> hey Misty!
[19:20] <@Tobz> yo
[19:20] <Maverick> hey
[19:20] <Misty> what did I miss
[19:21] <Squishy> Maverick betrayed us all at a LAN
[19:21] <Maverick> I am never going to live this down
[19:21] <Misty> haha sounds about right
[19:21] <Zyle> anyone know any good websites for game cheats?
[19:21] <Maverick> Zyle no
[19:21] <@Tobz> gamefaqs.com is pretty good for guides
[19:22] <Zyle> cheers
[19:22] <Lara> not cheats though use your brain
[19:22] <Zyle> my brain said look up the answer :P
[19:22] <Shadow> fair logic
[19:23] <Misty> so is everyone going to the LAN?
[19:23] <Squishy> hopefully yeah
[19:23] <@Tobz> yep
[19:23] <Maverick> definitely
[19:23] <Misty> cool I might come too then
[19:23] <Lara> yes do it!
[19:24] *** Maverick changes topic to 'Welcome to #ircreplay-demo | LAN - 12th April - Whos in? | Rules: be cool'
[19:24] <@Tobz> nice one Mav
[19:24] <Misty> ooh official
[19:25] <Shadow> right I need food brb
[19:25] * Shadow is away (food)
[19:25] <Maverick> same actually, anyone want anything from the kitchen
[19:25] <Lara> tea please :)
[19:25] <@Tobz> biscuits if you have them
[19:26] <Squishy> I am fine cheers
[19:26] * Maverick disappears into the kitchen
[19:26] <Zyle> this is the most wholesome IRC channel I have ever been in
[19:26] <Lara> haha we try
[19:26] <@Tobz> it has its moments
[19:27] *** Rage (rage@cust-182.cable.provider.com) has joined #ircreplay-demo
[19:27] <Rage> hey
[19:27] <Lara> hey Rage
[19:27] <@Tobz> alright
[19:27] <Rage> who runs this channel
[19:27] <@Tobz> Maverick mostly, why?
[19:28] <Rage> just asking
[19:28] <Misty> you ok?
[19:28] <Rage> yeah fine
[19:28] <Zyle> he seems friendly
[19:29] <Rage> oi I can read that
[19:29] <Zyle> I know :)
[19:29] <Lara> play nice children
[19:29] <@Tobz> haha
[19:30] *** Maverick (mav@maverick.users.quakenet.org) has joined #ircreplay-demo
[19:30] <Maverick> back, tea is brewing
[19:30] <Lara> yay
[19:30] <Maverick> who is Rage?
[19:30] <@Tobz> no idea just showed up
[19:31] <Rage> I am a friend of Picard
[19:31] <Maverick> ah right, welcome then
[19:31] <Rage> cheers
[19:31] * Shadow is back (gone 6 mins)
[19:31] <Shadow> what did I miss
[19:32] <Maverick> new person, friend of Picard
[19:32] <Shadow> cool
[19:32] <Squishy> Shadow what did you have?
[19:32] <Shadow> cheese on toast
[19:32] <Zyle> nice
[19:33] <Lara> simple but effective
[19:33] <@Tobz> right I need to sort some stuff out, might go a bit quiet
[19:33] <Maverick> no worries
[19:33] * Tobz is now known as Tobz|busy
[19:34] <Misty> has anyone seen that new film, Lord of the Rings?
[19:34] <Maverick> YES it is incredible
[19:34] <Lara> oh my god yes so good
[19:34] <Shadow> seen it twice already
[19:34] <Zyle> I still havent seen it
[19:34] <Misty> ZYLE
[19:34] <Maverick> what are you doing with your life
[19:35] <Zyle> playing counter-strike apparently
[19:35] <Lara> hahahaha
[19:35] <Squishy> it is genuinely one of the best films I have ever seen
[19:35] <Shadow> the battle of helms deep is just... wow
[19:35] <Rage> is it worth seeing if you havent read the books?
[19:35] <Maverick> absolutely yes
[19:35] <Misty> definitely
[19:36] <Lara> the books are amazing too though
[19:36] <Rage> might go see it this weekend then
[19:36] <Shadow> do it you wont regret it
[19:36] * Squishy could talk about LOTR all day
[19:36] <Maverick> we know Squish, we know
[19:37] *** Picard (picard@host-23.network.org) has joined #ircreplay-demo
[19:37] *** Maverick sets mode: +v Picard
[19:37] <+Picard> back
[19:37] <Maverick> wb
[19:37] <+Picard> ah Rage you found it then
[19:37] <Rage> yeah cheers for the invite
[19:37] <+Picard> good bunch of people
[19:38] <Maverick> aw cheers
[19:38] <Lara> :)
[19:38] <Zyle> most of the time
[19:38] <@Tobz|busy> heh
[19:39] <Shadow> oi Tobz I thought you were busy
[19:39] <@Tobz|busy> I am, just watching
[19:39] <Misty> lurker
[19:39] <@Tobz|busy> guilty
[19:40] *** DarkMatter (dm@host-77.access.net) has joined #ircreplay-demo
[19:40] <DarkMatter> evening
[19:40] <Maverick> DM! alright mate
[19:40] <Lara> hey DarkMatter :)
[19:41] <DarkMatter> good cheers, busy in here tonight
[19:41] <Squishy> yeah good turnout
[19:41] <DarkMatter> so what is the gossip
[19:41] <Shadow> Zyle hasnt seen Lord of the Rings
[19:41] <DarkMatter> ...Zyle
[19:41] <Zyle> oh come on not again
[19:42] <Lara> hahaha
[19:42] <+Picard> it is genuinely baffling
[19:42] <Rage> I havent seen it either to be fair
[19:42] <DarkMatter> ok Rage gets a pass because I dont know you
[19:42] <Rage> cheers I think
[19:43] <Maverick> Rage is a friend of Picard, just found the channel
[19:43] <DarkMatter> welcome to the chaos
[19:43] <Rage> seems pretty calm to me
[19:43] <DarkMatter> early yet
[19:44] <Zyle> that sounds ominous
[19:44] <Maverick> it is not that bad
[19:44] <@Tobz|busy> usually
[19:45] <Squishy> anyone done any good programming lately?
[19:45] <Maverick> been playing with PHP actually
[19:45] <Shadow> nice, what are you building
[19:45] <Maverick> just a little stats page for the channel, nothing fancy
[19:45] <Lara> oh that could be cool
[19:46] <+Picard> like mIRCStats but custom?
[19:46] <Maverick> kind of yeah, just something to see who talks the most
[19:46] <DarkMatter> spoiler it is Lara
[19:46] <Lara> EXCUSE ME
[19:46] <DarkMatter> hahaha
[19:47] <Shadow> he is not wrong
[19:47] <Lara> I hate you all
[19:47] <Maverick> haha love you too Lara
[19:47] <Squishy> I think it is actually Squishy who talks most but ok
[19:47] <Zyle> Squishy referring to himself in third person is a sign
[19:47] <@Tobz|busy> hahaha
[19:48] <Misty> right I need to make dinner, back in a bit
[19:48] * Misty is away (cooking)
[19:48] <Lara> what are you making?
[19:48] <Misty> pasta probably
[19:48] <DarkMatter> nice
[19:49] <Rage> so this LAN thing in April, is it open to anyone?
[19:49] <Maverick> yeah pretty much, the more the merrier
[19:49] <+Picard> bring your PC and a power strip
[19:49] <Rage> sounds good, I might come
[19:49] <Shadow> the more people the better the quake matches
[19:50] <DarkMatter> oh we playing quake this year?
[19:50] <Maverick> hoping so yeah
[19:50] <Squishy> and please can we NOT do another 4 hour age of empires game
[19:50] <Maverick> I have apologised for that
[19:50] <@Tobz|busy> not enough
[19:51] <Zyle> I feel like I need to know the full story of this age of empires thing
[19:51] <DarkMatter> oh boy
[19:51] <Lara> basically Maverick allied with Shadow against the rest of us, won, then immediately betrayed Shadow
[19:51] <Shadow> I still think about it
[19:51] <Maverick> IT WAS A POWER MOVE
[19:52] <Zyle> hahaha thats actually impressive
[19:52] <Rage> savage
[19:52] <DarkMatter> we were not impressed at the time
[19:52] <+Picard> there were nearly actual tears
[19:52] <Maverick> oh come on
[19:52] <Squishy> there were
[19:53] * Maverick hides
[19:53] <Lara> hahahahaha
[19:53] <@Tobz|busy> I remember it well
[19:53] <Shadow> I trusted you Maverick
[19:53] <Maverick> and I turned that trust into VICTORY
[19:54] <DarkMatter> ok I will give him points for commitment
[19:54] <Zyle> same tbh
[19:54] <Rage> haha this channel is great
[19:54] <+Picard> told you
[19:55] *** Maverick was kicked by Tobz|busy (justice for Shadow)
[19:55] *** Maverick (mav@maverick.users.quakenet.org) has joined #ircreplay-demo
[19:55] <Maverick> ...tobz
[19:55] <@Tobz|busy> worth it
[19:55] <Lara> HAHAHAHA
[19:55] <Shadow> thank you Tobz
[19:55] <DarkMatter> beautiful
[19:56] <Zyle> I love this place
[19:56] <Maverick> I deserved that
[19:56] <Squishy> you really did
[19:56] <+Picard> lol
[19:57] <Rage> ok I am definitely coming to this LAN
[19:57] <Maverick> haha welcome to the group Rage
[19:57] <DarkMatter> so what time does it start in April?
[19:57] <Maverick> Dave usually opens up about 10am
[19:58] <Shadow> and it goes til whenever people pass out
[19:58] <Squishy> last year I think someone was still there at 6am
[19:58] <Zyle> that is dedication
[19:58] <Lara> that was me I am not proud
[19:59] <DarkMatter> hahaha
[19:59] <@Tobz|busy> Lara!
[19:59] <Lara> I got really into the quake tournament ok
[19:59] <+Picard> fair enough
[20:00] <Maverick> right I should probably do some actual work tonight
[20:00] <Shadow> on a Friday?
[20:00] <Maverick> deadlines dont care about Fridays
[20:00] <Lara> oof
[20:01] <Squishy> what are you working on?
[20:01] <Maverick> website for a local business, pretty boring stuff
[20:01] <DarkMatter> pays the bills though
[20:01] <Maverick> exactly
[20:01] <Zyle> I could never do web stuff, all those tags
[20:02] <Maverick> you get used to it
[20:02] <+Picard> HTML is not that bad once you get the hang of it
[20:02] <Shadow> its CSS that breaks my brain
[20:02] <Maverick> haha yeah CSS is a dark art
[20:02] <Lara> why is everything floating everywhere
[20:03] <DarkMatter> hahahaha
[20:03] <Squishy> the float property has caused me so much pain
[20:03] <Zyle> glad I just play games
[20:03] <Rage> same
[20:04] *** Misty (misty@misty.users.quakenet.org) has joined #ircreplay-demo
[20:04] * Misty is back (gone 16 mins)
[20:04] <Misty> pasta achieved
[20:04] <Lara> yay
[20:04] <DarkMatter> good effort
[20:05] <Misty> what did I miss
[20:05] <Shadow> Tobz kicked Maverick
[20:05] <Misty> FINALLY
[20:05] <@Tobz|busy> haha
[20:05] <Maverick> I am never going to escape this
[20:06] <Lara> nope
[20:06] <+Picard> probably not
[20:06] <Zyle> I only found out about it tonight and even I am judging you
[20:06] <Maverick> wow ok
[20:07] <DarkMatter> right I need to head off, early start tomorrow
[20:07] <Maverick> no worries mate, take care
[20:07] <Lara> night DarkMatter :)
[20:07] <Squishy> later
[20:07] <@Tobz|busy> night DM
[20:07] *** DarkMatter (dm@host-77.access.net) Quit (night all, good chat)
[20:08] <Shadow> right I should probably be sensible too
[20:08] <Misty> oh no you too?
[20:08] <Shadow> yeah got stuff to do tomorrow
[20:08] <Lara> boooo
[20:08] <Shadow> haha sorry, will be on tomorrow night though
[20:09] <Maverick> cool, see you then
[20:09] <+Picard> later Shadow
[20:09] *** Shadow (shadow@dial-42.isp.net) Quit (night everyone!)
[20:09] <Zyle> it is thinning out
[20:09] <Misty> still a few of us
[20:10] <Squishy> the hardcore remain
[20:10] <Lara> always
[20:10] *** Tobz|busy is now known as Tobz
[20:10] <@Tobz> right that is done, I am back
[20:10] <Maverick> welcome back
[20:10] <Misty> what were you doing?
[20:11] <@Tobz> just sorting out some stuff for next week, nothing exciting
[20:11] <Lara> fair enough
[20:11] <Zyle> right I should probably sleep, got work at 8
[20:11] <Maverick> ouch
[20:11] <@Tobz> that is rough
[20:12] <Zyle> yeah not ideal
[20:12] <Misty> night Zyle!
[20:12] <Lara> sleep well :)
[20:12] *** Zyle (zyle@cust-99.broadband.isp.co.uk) Quit (night, work tomorrow ugh)
[20:12] <Squishy> and then there were five
[20:12] <Maverick> fewer people means higher quality chat
[20:13] <+Picard> that is one way to look at it
[20:13] <Rage> am I still welcome or is this regulars only now?
[20:13] <Maverick> haha of course mate, you are basically a regular now
[20:13] <Rage> that was quick
[20:14] <Misty> that is how it works here
[20:14] <@Tobz> you survived the Maverick story, you are in
[20:14] <Lara> hahahaha
[20:14] <Rage> what an initiation
[20:15] <Squishy> so Rage, what do you actually play?
[20:15] <Rage> mostly quake and some RPGs
[20:15] <Maverick> solid choices
[20:15] <+Picard> quake player, you will fit right in at the LAN
[20:15] <Rage> looking forward to it now
[20:16] <@Tobz> right who wants to play something?
[20:16] <Squishy> what did you have in mind
[20:16] <@Tobz> quake 3 anyone?
[20:16] <Maverick> yes
[20:16] <Lara> ooh go on then
[20:16] <+Picard> I am in
[20:17] <Rage> yeah sure
[20:17] <Misty> I will spectate, not very good at quake
[20:17] <Squishy> same
[20:17] <@Tobz> right Mav set up a server
[20:17] <Maverick> on it, give me two minutes
[20:18] <Maverick> ok server is up: 82.45.221.104 password: friday
[20:18] <Lara> cheers
[20:18] <+Picard> connecting
[20:18] <Rage> nice one
[20:19] * Maverick is now known as Maverick|Q3
[20:19] * Lara is now known as Lara|Q3
[20:19] <Squishy> have fun :)
[20:19] <Misty> dont be too long!
[20:19] <@Tobz> haha no promises
[20:20] <Squishy> so Misty, how is the new job going?
[20:20] <Misty> really good actually, much better than the last place
[20:20] <Squishy> that is great to hear
[20:21] <Misty> yeah the people are nicer and the hours are better
[20:21] <Squishy> what are you doing again?
[20:21] <Misty> admin at a solicitors, not glamorous but it is fine
[20:22] <Squishy> beats being miserable though
[20:22] <Misty> exactly
[20:23] *** Lara|Q3 is now known as Lara
[20:23] <Lara> that was quick
[20:23] <Squishy> what happened
[20:23] <Lara> Tobz absolutely demolished me, I need a sit down
[20:23] <Misty> haha
[20:24] <Squishy> Tobz is annoyingly good at quake
[20:24] <Lara> its not fair he has been playing since like 1998
[20:24] <Misty> the experience shows
[20:25] *** Maverick|Q3 is now known as Maverick
[20:25] <Maverick> ok I also got demolished
[20:25] <Lara> haha solidarity
[20:25] <Squishy> Tobz?
[20:25] <Maverick> Tobz and Rage actually, Rage is really good
[20:26] <Lara> oh interesting
[20:26] <Misty> the new guy!
[20:26] *** Rage is now known as Rage|Q3
[20:26] <Squishy> haha he is still going
[20:27] <Maverick> yeah he and Tobz are going head to head
[20:27] <Lara> this should be good
[20:27] <Maverick> the LAN is going to be interesting with Rage there
[20:27] <Misty> genuinely excited for April now
[20:28] <+Picard> me too, its been a while
[20:28] <Squishy> same, feels like ages since the last one
[20:28] <Maverick> right I am going to get another cup of tea and then actually do some of this work
[20:28] <Lara> good luck
[20:28] <Maverick> cheers, will be lurking
[20:29] * Maverick is away (work, unfortunately)
[20:29] <Misty> right I might actually watch some telly
[20:29] <Lara> what are you watching?
[20:29] <Misty> that new show everyone keeps talking about, 24
[20:29] <Squishy> oh is that good?
[20:30] <Misty> yeah really gripping, each episode is one hour of real time
[20:30] <Lara> oh that sounds clever
[20:30] <+Picard> I have heard good things
[20:30] <Misty> definitely worth watching
[20:30] <Lara> might check it out
[20:31] *** Rage|Q3 is now known as Rage
[20:31] <Rage> ok Tobz is a machine
[20:31] <Lara> haha told you
[20:31] <Squishy> what was the score
[20:31] <Rage> I dont want to talk about it
[20:31] <@Tobz> 34 to 18 :)
[20:32] <Lara> tobz!
[20:32] <@Tobz> what, he asked
[20:32] <Rage> I nearly had you though
[20:32] <@Tobz> you really did, you are good
[20:32] <Rage> cheers
[20:33] <+Picard> right I am going to head off, work tomorrow
[20:33] <Maverick> night Picard
[20:33] <Lara> night!
[20:33] <@Tobz> later
[20:33] *** Picard (picard@host-23.network.org) Quit (night all, good chat as always)
[20:34] <Squishy> right I should probably go too
[20:34] <Lara> aww ok
[20:34] <Squishy> yeah early one tomorrow
[20:34] <@Tobz> no worries, see you this weekend?
[20:34] <Squishy> yeah should be about Saturday
[20:35] <Maverick> cool
[20:35] <Lara> night Squish :)
[20:35] *** Squishy (squishy@squishy.users.quakenet.org) Quit (night everyone, good times)
[20:35] <@Tobz> quiet now
[20:35] <Rage> should I go too? dont want to outstay my welcome
[20:36] <Maverick> nah its fine, stick around
[20:36] <Lara> yeah dont be silly
[20:36] <Misty> you are part of the furniture now
[20:36] <Rage> haha cheers
[20:37] <@Tobz> so Rage, how do you know Picard?
[20:37] <Rage> uni, we were on the same course
[20:37] <Maverick> what did you study?
[20:37] <Rage> computer science
[20:37] <Lara> oh nice
[20:38] <@Tobz> makes sense, good at quake and CS grad
[20:38] <Rage> haha stereotype much
[20:38] <Maverick> he is not wrong though
[20:38] <Misty> what are you doing now?
[20:38] <Rage> just started at a small software company, writing Java mostly
[20:39] <Maverick> nice, I am doing some web stuff freelance
[20:39] <Rage> cool, is there money in that?
[20:39] <Maverick> getting there, it takes a while to build up clients
[20:40] <Lara> Mav is good though, he built our guild website
[20:40] <Rage> nice, what game?
[20:40] <Lara> we played Ultima Online for a while
[20:40] <Rage> oh I loved UO
[20:40] <@Tobz> everyone loved UO
[20:41] <Maverick> until it all went wrong
[20:41] <Lara> dont get him started
[20:41] <Maverick> I will not go on about it
[20:41] <Rage> haha fair
[20:42] <Misty> right telly is calling me, night all :)
[20:42] <Maverick> night Misty
[20:42] <Lara> night! enjoy 24
[20:42] <@Tobz> night
[20:42] <Rage> night
[20:42] *** Misty (misty@misty.users.quakenet.org) Quit (night! :))
[20:43] <@Tobz> just us now
[20:43] <Lara> the survivors
[20:43] <Rage> quiet Friday night on IRC
[20:43] <Maverick> the best kind
[20:44] <Lara> honestly yes
[20:44] <@Tobz> right I should sleep too, got a long day tomorrow
[20:44] <Maverick> fair enough mate
[20:44] <Lara> night Tobz!
[20:44] <Rage> night
[20:44] *** Tobz (tobz@tobz.users.quakenet.org) Quit (night all, good session)
[20:45] <Lara> and then there were three
[20:45] <Maverick> the final three
[20:45] <Rage> I should probably head off too
[20:45] <Lara> glad you found the channel :)
[20:45] <Rage> yeah me too, good bunch of people
[20:46] <Maverick> come back whenever, it is usually around this time
[20:46] <Rage> will do, night
[20:46] <Lara> night Rage!
[20:46] *** Rage (rage@cust-182.cable.provider.com) Quit (night, see you all again soon)
[20:47] <Lara> nice guy
[20:47] <Maverick> yeah good addition to the channel
[20:47] * Lara yawns
[20:48] <Maverick> tired?
[20:48] <Lara> a bit yeah
[20:48] <Maverick> go sleep then, I need to do this work anyway
[20:49] <Lara> yeah you are right
[20:49] <Lara> night Mav :)
[20:49] <Maverick> night Lara, sleep well
[20:49] *** Lara (lara@lara.users.quakenet.org) Quit (night! :))
[20:50] * Maverick is alone with the work
[20:50] <Maverick> right then
Session Close: Fri Mar 15 20:51:14 2002
